[debug] [2023-03-31T13:40:06.100Z] ----------------------------------------------------------------------
[debug] [2023-03-31T13:40:06.103Z] Command:       C:\Program Files\nodejs\node.exe C:\Users\ASUS\AppData\Roaming\npm\node_modules\firebase-tools\lib\bin\firebase.js init hosting
[debug] [2023-03-31T13:40:06.104Z] CLI Version:   11.25.2
[debug] [2023-03-31T13:40:06.104Z] Platform:      win32
[debug] [2023-03-31T13:40:06.104Z] Node Version:  v16.14.1
[debug] [2023-03-31T13:40:06.106Z] Time:          Fri Mar 31 2023 19:10:06 GMT+0530 (India Standard Time)
[debug] [2023-03-31T13:40:06.106Z] ----------------------------------------------------------------------
[debug] 
[debug] [2023-03-31T13:40:06.229Z] > command requires scopes: ["email","openid","https://www.googleapis.com/auth/cloudplatformprojects.readonly","https://www.googleapis.com/auth/firebase","https://www.googleapis.com/auth/cloud-platform"]
[debug] [2023-03-31T13:40:06.230Z] > authorizing via signed-in user (devesh.s785.dds@gmail.com)
[info] 
     ######## #### ########  ######## ########     ###     ######  ########
     ##        ##  ##     ## ##       ##     ##  ##   ##  ##       ##
     ######    ##  ########  ######   ########  #########  ######  ######
     ##        ##  ##    ##  ##       ##     ## ##     ##       ## ##
     ##       #### ##     ## ######## ########  ##     ##  ######  ########

You're about to initialize a Firebase project in this directory:

  C:\Users\ASUS\OneDrive\Desktop\OTP\server

Before we get started, keep in mind:

  * You are initializing within an existing Firebase project directory

[info] 
=== Project Setup
[info] 
[info] First, let's associate this project directory with a Firebase project.
[info] You can create multiple project aliases by running firebase use --add, 
[info] but for now we'll just set up a default project.
[info] 
[debug] [2023-03-31T13:40:08.888Z] Using project from CLI flag: todoappserver-5966f
[debug] [2023-03-31T13:40:08.892Z] >>> [apiv2][query] GET https://firebase.googleapis.com/v1beta1/projects/todoappserver-5966f [none]
[debug] [2023-03-31T13:40:09.435Z] <<< [apiv2][status] GET https://firebase.googleapis.com/v1beta1/projects/todoappserver-5966f 200
[debug] [2023-03-31T13:40:09.435Z] <<< [apiv2][body] GET https://firebase.googleapis.com/v1beta1/projects/todoappserver-5966f {"projectId":"todoappserver-5966f","projectNumber":"877549066826","displayName":"todoappserver","name":"projects/todoappserver-5966f","resources":{"hostingSite":"todoappserver-5966f"},"state":"ACTIVE","etag":"1_3866d2ce-bfd6-4c2a-aed5-3b2c711c3fd9"}
[info] i  Using project todoappserver-5966f (todoappserver) 
[info] 
=== Hosting Setup
[info] 
[info] Your public directory is the folder (relative to your project directory) that
[info] will contain Hosting assets to be uploaded with firebase deploy. If you
[info] have a build process for your assets, use your build's output directory.
[info] 
[debug] [2023-03-31T13:40:31.953Z] >>> [apiv2][query] GET https://www.gstatic.com/firebasejs/releases.json [none]
[debug] [2023-03-31T13:40:32.253Z] <<< [apiv2][status] GET https://www.gstatic.com/firebasejs/releases.json 200
[debug] [2023-03-31T13:40:32.253Z] <<< [apiv2][body] GET https://www.gstatic.com/firebasejs/releases.json {"current":{"version":"9.19.0","browserURL":"https://www.gstatic.com/firebasejs/9.19.0/firebase.js","packageURL":"https://www.gstatic.com/firebasejs/9.19.0/firebase.tgz"},"live":{"version":"9.19","browserURL":"https://www.gstatic.com/firebasejs/live/9.19/firebase.js","packageURL":"https://www.gstatic.com/firebasejs/live/9.19/firebase.tgz"},"components":{"analytics":"https://www.gstatic.com/firebasejs/9.19.0/firebase-analytics.js","app":"https://www.gstatic.com/firebasejs/9.19.0/firebase-app.js","app-check":"https://www.gstatic.com/firebasejs/9.19.0/firebase-app-check.js","auth":"https://www.gstatic.com/firebasejs/9.19.0/firebase-auth.js","auth/cordova":"https://www.gstatic.com/firebasejs/9.19.0/firebase-auth/cordova.js","auth/react-native":"https://www.gstatic.com/firebasejs/9.19.0/firebase-auth/react-native.js","functions":"https://www.gstatic.com/firebasejs/9.19.0/firebase-functions.js","firestore":"https://www.gstatic.com/firebasejs/9.19.0/firebase-firestore.js","firestore/lite":"https://www.gstatic.com/firebasejs/9.19.0/firebase-firestore/lite.js","installations":"https://www.gstatic.com/firebasejs/9.19.0/firebase-installations.js","storage":"https://www.gstatic.com/firebasejs/9.19.0/firebase-storage.js","performance":"https://www.gstatic.com/firebasejs/9.19.0/firebase-performance.js","remote-config":"https://www.gstatic.com/firebasejs/9.19.0/firebase-remote-config.js","messaging":"https://www.gstatic.com/firebasejs/9.19.0/firebase-messaging.js","messaging/sw":"https://www.gstatic.com/firebasejs/9.19.0/firebase-messaging/sw.js","database":"https://www.gstatic.com/firebasejs/9.19.0/firebase-database.js","firestore.memory":"https://www.gstatic.com/firebasejs/9.19.0/firebase-firestore.memory.js"}}
[info] +  Wrote client/build/index.html 
[info] 
[info] i  Detected a .git folder at C:\Users\ASUS\OneDrive\Desktop\OTP\server 
[info] i  Authorizing with GitHub to upload your service account to a GitHub repository's secrets store. 
[info] 
[info] Visit this URL on this device to log in:
[info] https://github.com/login/oauth/authorize?client_id=89cf50f02ac6aaed3484&state=595952559&redirect_uri=http%3A%2F%2Flocalhost%3A9005&scope=read%3Auser%20repo%20public_repo
[info] 
[info] Waiting for authentication...
[debug] [2023-03-31T13:40:46.200Z] >>> [apiv2][query] POST https://github.com/login/oauth/access_token [none]
[debug] [2023-03-31T13:40:46.200Z] >>> [apiv2][body] POST https://github.com/login/oauth/access_token [stream]
[debug] [2023-03-31T13:40:46.760Z] <<< [apiv2][status] POST https://github.com/login/oauth/access_token 200
[debug] [2023-03-31T13:40:46.761Z] <<< [apiv2][body] POST https://github.com/login/oauth/access_token {"access_token":"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","token_type":"bearer","scope":"read:user,repo"}
[debug] [2023-03-31T13:40:46.772Z] >>> [apiv2][query] GET https://api.github.com/user [none]
[debug] [2023-03-31T13:40:47.317Z] <<< [apiv2][status] GET https://api.github.com/user 200
[debug] [2023-03-31T13:40:47.317Z] <<< [apiv2][body] GET https://api.github.com/user {"login":"Devesh007suii","id":97360826,"node_id":"U_kgDOBc2bug","avatar_url":"https://avatars.githubusercontent.com/u/97360826?v=4","gravatar_id":"","url":"https://api.github.com/users/Devesh007suii","html_url":"https://github.com/Devesh007suii","followers_url":"https://api.github.com/users/Devesh007suii/followers","following_url":"https://api.github.com/users/Devesh007suii/following{/other_user}","gists_url":"https://api.github.com/users/Devesh007suii/gists{/gist_id}","starred_url":"https://api.github.com/users/Devesh007suii/starred{/owner}{/repo}","subscriptions_url":"https://api.github.com/users/Devesh007suii/subscriptions","organizations_url":"https://api.github.com/users/Devesh007suii/orgs","repos_url":"https://api.github.com/users/Devesh007suii/repos","events_url":"https://api.github.com/users/Devesh007suii/events{/privacy}","received_events_url":"https://api.github.com/users/Devesh007suii/received_events","type":"User","site_admin":false,"name":null,"company":null,"blog":"","location":null,"email":null,"hireable":null,"bio":null,"twitter_username":null,"public_repos":26,"public_gists":0,"followers":0,"following":0,"created_at":"2022-01-08T19:12:10Z","updated_at":"2023-03-31T12:27:08Z","private_gists":0,"total_private_repos":0,"owned_private_repos":0,"disk_usage":23885,"collaborators":0,"two_factor_authentication":false,"plan":{"name":"free","space":976562499,"collaborators":0,"private_repos":10000}}
[info] 
[info] +  Success! Logged into GitHub as Devesh007suii 
[info] 
